Flow report for chatbot
Wed Jan 13 03:05:03 2021
Quartus Prime Version 18.0.0 Build 614 04/24/2018 SJ Lite Edition


---------------------
; Table of Contents ;
---------------------
  1. Legal Notice
  2. Flow Summary
  3. Flow Settings
  4. Flow Non-Default Global Settings
  5. Flow Elapsed Time
  6. Flow OS Summary
  7. Flow Log
  8. Flow Messages
  9. Flow Suppressed Messages



----------------
; Legal Notice ;
----------------
Copyright (C) 2018  Intel Corporation. All rights reserved.
Your use of Intel Corporation's design tools, logic functions 
and other software and tools, and its AMPP partner logic 
functions, and any output files from any of the foregoing 
(including device programming or simulation files), and any 
associated documentation or information are expressly subject 
to the terms and conditions of the Intel Program License 
Subscription Agreement, the Intel Quartus Prime License Agreement,
the Intel FPGA IP License Agreement, or other applicable license
agreement, including, without limitation, that your use is for
the sole purpose of programming logic devices manufactured by
Intel and sold by Intel or its authorized distributors.  Please
refer to the applicable agreement for further details.



+----------------------------------------------------------------------------------+
; Flow Summary                                                                     ;
+------------------------------------+---------------------------------------------+
; Flow Status                        ; Successful - Wed Jan 13 03:05:03 2021       ;
; Quartus Prime Version              ; 18.0.0 Build 614 04/24/2018 SJ Lite Edition ;
; Revision Name                      ; chatbot                                     ;
; Top-level Entity Name              ; chatbot                                     ;
; Family                             ; MAX 10                                      ;
; Device                             ; 10M50DAF484C7G                              ;
; Timing Models                      ; Final                                       ;
; Total logic elements               ; 26,933 / 49,760 ( 54 % )                    ;
;     Total combinational functions  ; 26,047 / 49,760 ( 52 % )                    ;
;     Dedicated logic registers      ; 2,934 / 49,760 ( 6 % )                      ;
; Total registers                    ; 2977                                        ;
; Total pins                         ; 116 / 360 ( 32 % )                          ;
; Total virtual pins                 ; 0                                           ;
; Total memory bits                  ; 11,392 / 1,677,312 ( < 1 % )                ;
; Embedded Multiplier 9-bit elements ; 224 / 288 ( 78 % )                          ;
; Total PLLs                         ; 1 / 4 ( 25 % )                              ;
; UFM blocks                         ; 0 / 1 ( 0 % )                               ;
; ADC blocks                         ; 0 / 2 ( 0 % )                               ;
+------------------------------------+---------------------------------------------+


+-----------------------------------------+
; Flow Settings                           ;
+-------------------+---------------------+
; Option            ; Setting             ;
+-------------------+---------------------+
; Start date & time ; 01/13/2021 02:55:16 ;
; Main task         ; Compilation         ;
; Revision Name     ; chatbot             ;
+-------------------+---------------------+


+-----------------------------------------------------------------------------------------------------------------------------------------------------+
; Flow Non-Default Global Settings                                                                                                                    ;
+--------------------------------------+---------------------------------------------------------------+---------------+-------------+----------------+
; Assignment Name                      ; Value                                                         ; Default Value ; Entity Name ; Section Id     ;
+--------------------------------------+---------------------------------------------------------------+---------------+-------------+----------------+
; COMPILER_SIGNATURE_ID                ; 52241931718.161053531406764                                   ; --            ; --          ; --             ;
; EDA_DESIGN_INSTANCE_NAME             ; NA                                                            ; --            ; --          ; testbench      ;
; EDA_NATIVELINK_SIMULATION_TEST_BENCH ; testbench                                                     ; --            ; --          ; eda_simulation ;
; EDA_OUTPUT_DATA_FORMAT               ; Systemverilog Hdl                                             ; --            ; --          ; eda_simulation ;
; EDA_SIMULATION_TOOL                  ; ModelSim-Altera (SystemVerilog)                               ; <None>        ; --          ; --             ;
; EDA_TEST_BENCH_ENABLE_STATUS         ; TEST_BENCH_MODE                                               ; --            ; --          ; eda_simulation ;
; EDA_TEST_BENCH_FILE                  ; hdl/testbench.sv                                              ; --            ; --          ; testbench      ;
; EDA_TEST_BENCH_MODULE_NAME           ; testbench                                                     ; --            ; --          ; testbench      ;
; EDA_TEST_BENCH_NAME                  ; testbench                                                     ; --            ; --          ; eda_simulation ;
; EDA_TEST_BENCH_RUN_SIM_FOR           ; 1000 ns                                                       ; --            ; --          ; testbench      ;
; EDA_TIME_SCALE                       ; 1 ps                                                          ; --            ; --          ; eda_simulation ;
; FLOW_ENABLE_POWER_ANALYZER           ; On                                                            ; Off           ; --          ; --             ;
; MAX_CORE_JUNCTION_TEMP               ; 85                                                            ; --            ; --          ; --             ;
; MIN_CORE_JUNCTION_TEMP               ; 0                                                             ; --            ; --          ; --             ;
; MISC_FILE                            ; chatbot_soc/synthesis/../chatbot_soc.cmp                      ; --            ; --          ; --             ;
; MISC_FILE                            ; chatbot_soc/synthesis/../../chatbot_soc.qsys                  ; --            ; --          ; --             ;
; OUTPUT_IO_TIMING_FAR_END_VMEAS       ; Half Signal Swing                                             ; --            ; --          ; --             ;
; OUTPUT_IO_TIMING_FAR_END_VMEAS       ; Half Signal Swing                                             ; --            ; --          ; --             ;
; OUTPUT_IO_TIMING_NEAR_END_VMEAS      ; Half Vccio                                                    ; --            ; --          ; --             ;
; OUTPUT_IO_TIMING_NEAR_END_VMEAS      ; Half Vccio                                                    ; --            ; --          ; --             ;
; PARTITION_COLOR                      ; -- (Not supported for targeted family)                        ; --            ; --          ; Top            ;
; PARTITION_FITTER_PRESERVATION_LEVEL  ; -- (Not supported for targeted family)                        ; --            ; --          ; Top            ;
; PARTITION_NETLIST_TYPE               ; -- (Not supported for targeted family)                        ; --            ; --          ; Top            ;
; POWER_BOARD_THERMAL_MODEL            ; None (CONSERVATIVE)                                           ; --            ; --          ; --             ;
; POWER_DEFAULT_INPUT_IO_TOGGLE_RATE   ; 12.5 %                                                        ; 12.5%         ; --          ; --             ;
; POWER_PRESET_COOLING_SOLUTION        ; 23 MM HEAT SINK WITH 200 LFPM AIRFLOW                         ; --            ; --          ; --             ;
; PROJECT_OUTPUT_DIRECTORY             ; output_files                                                  ; --            ; --          ; --             ;
; SLD_FILE                             ; chatbot_soc/synthesis/chatbot_soc.regmap                      ; --            ; --          ; --             ;
; SLD_FILE                             ; chatbot_soc/synthesis/chatbot_soc.debuginfo                   ; --            ; --          ; --             ;
; SLD_INFO                             ; QSYS_NAME chatbot_soc HAS_SOPCINFO 1 GENERATION_ID 1607718548 ; --            ; chatbot_soc ; --             ;
; SOPCINFO_FILE                        ; chatbot_soc/synthesis/../../chatbot_soc.sopcinfo              ; --            ; --          ; --             ;
; SYNTHESIS_ONLY_QIP                   ; On                                                            ; --            ; --          ; --             ;
+--------------------------------------+---------------------------------------------------------------+---------------+-------------+----------------+


+--------------------------------------------------------------------------------------------------------------------------+
; Flow Elapsed Time                                                                                                        ;
+----------------------+--------------+-------------------------+---------------------+------------------------------------+
; Module Name          ; Elapsed Time ; Average Processors Used ; Peak Virtual Memory ; Total CPU Time (on all processors) ;
+----------------------+--------------+-------------------------+---------------------+------------------------------------+
; Analysis & Synthesis ; 00:03:39     ; 1.0                     ; 4994 MB             ; 00:03:43                           ;
; Fitter               ; 00:03:32     ; 1.2                     ; 5562 MB             ; 00:04:39                           ;
; Assembler            ; 00:00:09     ; 1.0                     ; 4758 MB             ; 00:00:08                           ;
; Power Analyzer       ; 00:00:36     ; 1.5                     ; 5005 MB             ; 00:00:51                           ;
; Timing Analyzer      ; 00:01:09     ; 1.2                     ; 4994 MB             ; 00:01:09                           ;
; EDA Netlist Writer   ; 00:00:11     ; 1.0                     ; 4862 MB             ; 00:00:10                           ;
; Total                ; 00:09:16     ; --                      ; --                  ; 00:10:40                           ;
+----------------------+--------------+-------------------------+---------------------+------------------------------------+


+------------------------------------------------------------------------------------+
; Flow OS Summary                                                                    ;
+----------------------+------------------+------------+------------+----------------+
; Module Name          ; Machine Hostname ; OS Name    ; OS Version ; Processor type ;
+----------------------+------------------+------------+------------+----------------+
; Analysis & Synthesis ; DESKTOP-0QH4KKT  ; Windows 10 ; 10.0       ; x86_64         ;
; Fitter               ; DESKTOP-0QH4KKT  ; Windows 10 ; 10.0       ; x86_64         ;
; Assembler            ; DESKTOP-0QH4KKT  ; Windows 10 ; 10.0       ; x86_64         ;
; Power Analyzer       ; DESKTOP-0QH4KKT  ; Windows 10 ; 10.0       ; x86_64         ;
; Timing Analyzer      ; DESKTOP-0QH4KKT  ; Windows 10 ; 10.0       ; x86_64         ;
; EDA Netlist Writer   ; DESKTOP-0QH4KKT  ; Windows 10 ; 10.0       ; x86_64         ;
+----------------------+------------------+------------+------------+----------------+


------------
; Flow Log ;
------------
quartus_map --read_settings_files=on --write_settings_files=off chatbot -c chatbot
quartus_fit --read_settings_files=off --write_settings_files=off chatbot -c chatbot
quartus_asm --read_settings_files=off --write_settings_files=off chatbot -c chatbot
quartus_pow --read_settings_files=off --write_settings_files=off chatbot -c chatbot
quartus_sta chatbot -c chatbot
quartus_eda --read_settings_files=off --write_settings_files=off chatbot -c chatbot



